<?xml version="1.0" encoding="UTF-8"?>
<!-- Generated by org.testng.reporters.JUnitReportReporter -->
<testsuite hostname="DESKTOP-T5380G9" failures="0" tests="1" name="Organization.CreateOrganizationTest" time="18.838" errors="0" timestamp="2024-12-18T15:58:45 IST" skipped="0">
  <testcase classname="Organization.CreateOrganizationTest" name="createOrganizationTest" time="18.838"/>
  <system-out/>
</testsuite> <!-- Organization.CreateOrganizationTest -->
