<?xml version="1.0" encoding="UTF-8"?>
<!-- Generated by org.testng.reporters.JUnitReportReporter -->
<testsuite hostname="DESKTOP-T5380G9" failures="0" tests="1" name="Campaign.CreateCampaignTest" time="29.435" errors="0" timestamp="2024-12-24T11:30:25 IST" skipped="0">
  <testcase classname="Campaign.CreateCampaignTest" name="createCampaignTest" time="29.435"/>
  <system-out/>
</testsuite> <!-- Campaign.CreateCampaignTest -->
