<?xml version="1.0" encoding="UTF-8"?>
<!-- Generated by org.testng.reporters.JUnitReportReporter -->
<testsuite hostname="TYSS-Shobha" failures="0" tests="4" name="TestNG.DataProviderEx3" time="66.802" errors="0" timestamp="2024-12-02T11:30:03 IST" skipped="0">
  <testcase classname="TestNG.DataProviderEx3" name="createOrganization" time="17.364"/>
  <testcase classname="TestNG.DataProviderEx3" name="createOrganization" time="16.776"/>
  <testcase classname="TestNG.DataProviderEx3" name="createOrganization" time="16.615"/>
  <testcase classname="TestNG.DataProviderEx3" name="createOrganization" time="16.047"/>
</testsuite> <!-- TestNG.DataProviderEx3 -->
