<?xml version="1.0" encoding="UTF-8"?>
<!-- Generated by org.testng.reporters.JUnitReportReporter -->
<testsuite hostname="TYSS-Shobha" failures="0" tests="1" name="Product.CreateProductAndDeleteProductTest" time="19.071" errors="0" timestamp="2024-12-07T12:16:45 IST" skipped="0">
  <testcase classname="Product.CreateProductAndDeleteProductTest" name="CreateProductAndDeleteProductTest" time="19.071"/>
</testsuite> <!-- Product.CreateProductAndDeleteProductTest -->
