<?xml version="1.0" encoding="UTF-8"?>
<!-- Generated by org.testng.reporters.JUnitReportReporter -->
<testsuite hostname="DESKTOP-T5380G9" failures="0" tests="1" name="Product.CreateProductTest" time="20.677" errors="0" timestamp="2024-12-18T15:58:45 IST" skipped="0">
  <testcase classname="Product.CreateProductTest" name="createProductTest" time="20.677"/>
  <system-out/>
</testsuite> <!-- Product.CreateProductTest -->
