<?xml version="1.0" encoding="UTF-8"?>
<!-- Generated by org.testng.reporters.JUnitReportReporter -->
<testsuite hostname="TYSS-Shobha" failures="0" tests="5" name="TestNG.Script1Test" time="0.029" errors="0" timestamp="2024-11-29T12:37:03 IST" skipped="0">
  <testcase classname="TestNG.Script1Test" name="createProduct" time="0.004"/>
  <testcase classname="TestNG.Script1Test" name="createProduct" time="0.019"/>
  <testcase classname="TestNG.Script1Test" name="modifyProduct" time="0.002"/>
  <testcase classname="TestNG.Script1Test" name="createProduct" time="0.002"/>
  <testcase classname="TestNG.Script1Test" name="deleteProduct" time="0.002"/>
</testsuite> <!-- TestNG.Script1Test -->
