<?xml version="1.0" encoding="UTF-8"?>
<!-- Generated by org.testng.reporters.JUnitReportReporter -->
<testsuite hostname="TYSS-Shobha" failures="0" tests="3" name="TestNG.DataProviderEx1" time="0.014" errors="0" timestamp="2024-11-30T11:43:05 IST" skipped="0">
  <testcase classname="TestNG.DataProviderEx1" name="bookTickets" time="0.011"/>
  <testcase classname="TestNG.DataProviderEx1" name="bookTickets" time="0.001"/>
  <testcase classname="TestNG.DataProviderEx1" name="bookTickets" time="0.002"/>
</testsuite> <!-- TestNG.DataProviderEx1 -->
