<?xml version="1.0" encoding="UTF-8"?>
<!-- Generated by org.testng.reporters.JUnitReportReporter -->
<testsuite hostname="TYSS-Shobha" failures="0" tests="3" name="TestNG.DataProviderEx2" time="62.732" errors="0" timestamp="2024-11-30T12:01:31 IST" skipped="0">
  <testcase classname="TestNG.DataProviderEx2" name="createOrganization" time="19.680"/>
  <testcase classname="TestNG.DataProviderEx2" name="createOrganization" time="20.200"/>
  <testcase classname="TestNG.DataProviderEx2" name="createOrganization" time="22.852"/>
</testsuite> <!-- TestNG.DataProviderEx2 -->
