<?xml version="1.0" encoding="UTF-8"?>
<!-- Generated by org.testng.reporters.JUnitReportReporter -->
<testsuite hostname="TYSS-Shobha" failures="0" tests="1" name="TestNG.SystemData" time="0.035" errors="0" timestamp="2024-12-10T12:55:39 IST" skipped="0">
  <testcase classname="TestNG.SystemData" name="m1" time="0.035"/>
</testsuite> <!-- TestNG.SystemData -->
